# JRE version: 7.0_25-b17
# Java VM: Java HotSpot(TM) 64-Bit Server VM (23.25-b01 mixed mode windows-amd64 compressed oops)
Heap
 PSYoungGen      total 292160K, used 72538K [0x00000000eaab0000, 0x00000000ff490000, 0x0000000100000000)
  eden space 257856K, 16% used [0x00000000eaab0000,0x00000000ed34e6f8,0x00000000fa680000)
  from space 34304K, 90% used [0x00000000fcbb0000,0x00000000fe9e8200,0x00000000fed30000)
  to   space 38080K, 0% used [0x00000000fa680000,0x00000000fa680000,0x00000000fcbb0000)
 ParOldGen       total 174336K, used 47707K [0x00000000c0000000, 0x00000000caa40000, 0x00000000eaab0000)
  object space 174336K, 27% used [0x00000000c0000000,0x00000000c2e96d40,0x00000000caa40000)
 PSPermGen       total 21248K, used 6587K [0x00000000bae00000, 0x00000000bc2c0000, 0x00000000c0000000)
  object space 21248K, 31% used [0x00000000bae00000,0x00000000bb46ec30,0x00000000bc2c0000)
GC Heap History (10 events):
Event: 4.075 GC heap before
{Heap before GC invocations=2 (full 0):
 PSYoungGen      total 76288K, used 75572K [0x00000000eaab0000, 0x00000000effd0000, 0x0000000100000000)
  eden space 65408K, 100% used [0x00000000eaab0000,0x00000000eea90000,0x00000000eea90000)
  from space 10880K, 93% used [0x00000000eea90000,0x00000000ef47d158,0x00000000ef530000)
  to   space 10880K, 0% used [0x00000000ef530000,0x00000000ef530000,0x00000000effd0000)
 ParOldGen       total 174336K, used 8K [0x00000000c0000000, 0x00000000caa40000, 0x00000000eaab0000)
  object space 174336K, 0% used [0x00000000c0000000,0x00000000c0002000,0x00000000caa40000)
 PSPermGen       total 21248K, used 6166K [0x00000000bae00000, 0x00000000bc2c0000, 0x00000000c0000000)
  object space 21248K, 29% used [0x00000000bae00000,0x00000000bb405868,0x00000000bc2c0000)
Event: 4.096 GC heap after
Heap after GC invocations=2 (full 0):
 PSYoungGen      total 76288K, used 10875K [0x00000000eaab0000, 0x00000000f3fb0000, 0x0000000100000000)
  eden space 65408K, 0% used [0x00000000eaab0000,0x00000000eaab0000,0x00000000eea90000)
  from space 10880K, 99% used [0x00000000ef530000,0x00000000effcef78,0x00000000effd0000)
  to   space 10880K, 0% used [0x00000000eea90000,0x00000000eea90000,0x00000000ef530000)
 ParOldGen       total 174336K, used 6684K [0x00000000c0000000, 0x00000000caa40000, 0x00000000eaab0000)
  object space 174336K, 3% used [0x00000000c0000000,0x00000000c0687028,0x00000000caa40000)
 PSPermGen       total 21248K, used 6166K [0x00000000bae00000, 0x00000000bc2c0000, 0x00000000c0000000)
  object space 21248K, 29% used [0x00000000bae00000,0x00000000bb405868,0x00000000bc2c0000)
}
Event: 4.513 GC heap before
{Heap before GC invocations=3 (full 0):
 PSYoungGen      total 76288K, used 76283K [0x00000000eaab0000, 0x00000000f3fb0000, 0x0000000100000000)
  eden space 65408K, 100% used [0x00000000eaab0000,0x00000000eea90000,0x00000000eea90000)
  from space 10880K, 99% used [0x00000000ef530000,0x00000000effcef78,0x00000000effd0000)
  to   space 10880K, 0% used [0x00000000eea90000,0x00000000eea90000,0x00000000ef530000)
 ParOldGen       total 174336K, used 6684K [0x00000000c0000000, 0x00000000caa40000, 0x00000000eaab0000)
  object space 174336K, 3% used [0x00000000c0000000,0x00000000c0687028,0x00000000caa40000)
 PSPermGen       total 21248K, used 6207K [0x00000000bae00000, 0x00000000bc2c0000, 0x00000000c0000000)
  object space 21248K, 29% used [0x00000000bae00000,0x00000000bb40fe70,0x00000000bc2c0000)
Event: 4.531 GC heap after
Heap after GC invocations=3 (full 0):
 PSYoungGen      total 76288K, used 10874K [0x00000000eaab0000, 0x00000000f3fb0000, 0x0000000100000000)
  eden space 65408K, 0% used [0x00000000eaab0000,0x00000000eaab0000,0x00000000eea90000)
  from space 10880K, 99% used [0x00000000eea90000,0x00000000ef52e898,0x00000000ef530000)
  to   space 10880K, 0% used [0x00000000f3510000,0x00000000f3510000,0x00000000f3fb0000)
 ParOldGen       total 174336K, used 16409K [0x00000000c0000000, 0x00000000caa40000, 0x00000000eaab0000)
  object space 174336K, 9% used [0x00000000c0000000,0x00000000c1006438,0x00000000caa40000)
 PSPermGen       total 21248K, used 6207K [0x00000000bae00000, 0x00000000bc2c0000, 0x00000000c0000000)
  object space 21248K, 29% used [0x00000000bae00000,0x00000000bb40fe70,0x00000000bc2c0000)
}
Event: 4.794 GC heap before
{Heap before GC invocations=4 (full 0):
 PSYoungGen      total 76288K, used 76282K [0x00000000eaab0000, 0x00000000f3fb0000, 0x0000000100000000)
  eden space 65408K, 100% used [0x00000000eaab0000,0x00000000eea90000,0x00000000eea90000)
  from space 10880K, 99% used [0x00000000eea90000,0x00000000ef52e898,0x00000000ef530000)
  to   space 10880K, 0% used [0x00000000f3510000,0x00000000f3510000,0x00000000f3fb0000)
 ParOldGen       total 174336K, used 16409K [0x00000000c0000000, 0x00000000caa40000, 0x00000000eaab0000)
  object space 174336K, 9% used [0x00000000c0000000,0x00000000c1006438,0x00000000caa40000)
 PSPermGen       total 21248K, used 6230K [0x00000000bae00000, 0x00000000bc2c0000, 0x00000000c0000000)
  object space 21248K, 29% used [0x00000000bae00000,0x00000000bb415b98,0x00000000bc2c0000)
Event: 4.826 GC heap after
Heap after GC invocations=4 (full 0):
 PSYoungGen      total 141696K, used 10874K [0x00000000eaab0000, 0x00000000f3fb0000, 0x0000000100000000)
  eden space 130816K, 0% used [0x00000000eaab0000,0x00000000eaab0000,0x00000000f2a70000)
  from space 10880K, 99% used [0x00000000f3510000,0x00000000f3fae888,0x00000000f3fb0000)
  to   space 10880K, 0% used [0x00000000f2a70000,0x00000000f2a70000,0x00000000f3510000)
 ParOldGen       total 174336K, used 27594K [0x00000000c0000000, 0x00000000caa40000, 0x00000000eaab0000)
  object space 174336K, 15% used [0x00000000c0000000,0x00000000c1af2a70,0x00000000caa40000)
 PSPermGen       total 21248K, used 6230K [0x00000000bae00000, 0x00000000bc2c0000, 0x00000000c0000000)
  object space 21248K, 29% used [0x00000000bae00000,0x00000000bb415b98,0x00000000bc2c0000)
}
Event: 5.172 GC heap before
{Heap before GC invocations=5 (full 0):
 PSYoungGen      total 141696K, used 141690K [0x00000000eaab0000, 0x00000000f3fb0000, 0x0000000100000000)
  eden space 130816K, 100% used [0x00000000eaab0000,0x00000000f2a70000,0x00000000f2a70000)
  from space 10880K, 99% used [0x00000000f3510000,0x00000000f3fae888,0x00000000f3fb0000)
  to   space 10880K, 0% used [0x00000000f2a70000,0x00000000f2a70000,0x00000000f3510000)
 ParOldGen       total 174336K, used 27594K [0x00000000c0000000, 0x00000000caa40000, 0x00000000eaab0000)
  object space 174336K, 15% used [0x00000000c0000000,0x00000000c1af2a70,0x00000000caa40000)
 PSPermGen       total 21248K, used 6300K [0x00000000bae00000, 0x00000000bc2c0000, 0x00000000c0000000)
  object space 21248K, 29% used [0x00000000bae00000,0x00000000bb4271f8,0x00000000bc2c0000)
Event: 5.208 GC heap after
Heap after GC invocations=5 (full 0):
 PSYoungGen      total 141696K, used 10868K [0x00000000eaab0000, 0x00000000fed30000, 0x0000000100000000)
  eden space 130816K, 0% used [0x00000000eaab0000,0x00000000eaab0000,0x00000000f2a70000)
  from space 10880K, 99% used [0x00000000f2a70000,0x00000000f350d1a8,0x00000000f3510000)
  to   space 34304K, 0% used [0x00000000fcbb0000,0x00000000fcbb0000,0x00000000fed30000)
 ParOldGen       total 174336K, used 47707K [0x00000000c0000000, 0x00000000caa40000, 0x00000000eaab0000)
  object space 174336K, 27% used [0x00000000c0000000,0x00000000c2e96d40,0x00000000caa40000)
 PSPermGen       total 21248K, used 6300K [0x00000000bae00000, 0x00000000bc2c0000, 0x00000000c0000000)
  object space 21248K, 29% used [0x00000000bae00000,0x00000000bb4271f8,0x00000000bc2c0000)
}
Event: 5.480 GC heap before
{Heap before GC invocations=6 (full 0):
 PSYoungGen      total 141696K, used 141684K [0x00000000eaab0000, 0x00000000fed30000, 0x0000000100000000)
  eden space 130816K, 100% used [0x00000000eaab0000,0x00000000f2a70000,0x00000000f2a70000)
  from space 10880K, 99% used [0x00000000f2a70000,0x00000000f350d1a8,0x00000000f3510000)
  to   space 34304K, 0% used [0x00000000fcbb0000,0x00000000fcbb0000,0x00000000fed30000)
 ParOldGen       total 174336K, used 47707K [0x00000000c0000000, 0x00000000caa40000, 0x00000000eaab0000)
  object space 174336K, 27% used [0x00000000c0000000,0x00000000c2e96d40,0x00000000caa40000)
 PSPermGen       total 21248K, used 6324K [0x00000000bae00000, 0x00000000bc2c0000, 0x00000000c0000000)
  object space 21248K, 29% used [0x00000000bae00000,0x00000000bb42d070,0x00000000bc2c0000)
Event: 5.520 GC heap after
Heap after GC invocations=6 (full 0):
 PSYoungGen      total 292160K, used 30944K [0x00000000eaab0000, 0x00000000ff490000, 0x0000000100000000)
  eden space 257856K, 0% used [0x00000000eaab0000,0x00000000eaab0000,0x00000000fa680000)
  from space 34304K, 90% used [0x00000000fcbb0000,0x00000000fe9e8200,0x00000000fed30000)
  to   space 38080K, 0% used [0x00000000fa680000,0x00000000fa680000,0x00000000fcbb0000)
 ParOldGen       total 174336K, used 47707K [0x00000000c0000000, 0x00000000caa40000, 0x00000000eaab0000)
  object space 174336K, 27% used [0x00000000c0000000,0x00000000c2e96d40,0x00000000caa40000)
 PSPermGen       total 21248K, used 6324K [0x00000000bae00000, 0x00000000bc2c0000, 0x00000000c0000000)
  object space 21248K, 29% used [0x00000000bae00000,0x00000000bb42d070,0x00000000bc2c0000)
}

