# JRE version: 7.0_25-b17
# Java VM: Java HotSpot(TM) 64-Bit Server VM (23.25-b01 mixed mode windows-amd64 compressed oops)
Heap
 PSYoungGen      total 141696K, used 25949K [0x00000000eaab0000, 0x00000000f3fb0000, 0x0000000100000000)
  eden space 130816K, 11% used [0x00000000eaab0000,0x00000000eb96e530,0x00000000f2a70000)
  from space 10880K, 99% used [0x00000000f3510000,0x00000000f3fa8f18,0x00000000f3fb0000)
  to   space 10880K, 0% used [0x00000000f2a70000,0x00000000f2a70000,0x00000000f3510000)
 ParOldGen       total 174336K, used 8716K [0x00000000c0000000, 0x00000000caa40000, 0x00000000eaab0000)
  object space 174336K, 4% used [0x00000000c0000000,0x00000000c08830e8,0x00000000caa40000)
 PSPermGen       total 21248K, used 6180K [0x00000000bae00000, 0x00000000bc2c0000, 0x00000000c0000000)
  object space 21248K, 29% used [0x00000000bae00000,0x00000000bb4092c0,0x00000000bc2c0000)
GC Heap History (4 events):
Event: 1.602 GC heap before
{Heap before GC invocations=1 (full 0):
 PSYoungGen      total 76288K, used 65408K [0x00000000eaab0000, 0x00000000effd0000, 0x0000000100000000)
  eden space 65408K, 100% used [0x00000000eaab0000,0x00000000eea90000,0x00000000eea90000)
  from space 10880K, 0% used [0x00000000ef530000,0x00000000ef530000,0x00000000effd0000)
  to   space 10880K, 0% used [0x00000000eea90000,0x00000000eea90000,0x00000000ef530000)
 ParOldGen       total 174336K, used 0K [0x00000000c0000000, 0x00000000caa40000, 0x00000000eaab0000)
  object space 174336K, 0% used [0x00000000c0000000,0x00000000c0000000,0x00000000caa40000)
 PSPermGen       total 21248K, used 6115K [0x00000000bae00000, 0x00000000bc2c0000, 0x00000000c0000000)
  object space 21248K, 28% used [0x00000000bae00000,0x00000000bb3f8d50,0x00000000bc2c0000)
Event: 1.634 GC heap after
Heap after GC invocations=1 (full 0):
 PSYoungGen      total 76288K, used 10854K [0x00000000eaab0000, 0x00000000f3fb0000, 0x0000000100000000)
  eden space 65408K, 0% used [0x00000000eaab0000,0x00000000eaab0000,0x00000000eea90000)
  from space 10880K, 99% used [0x00000000eea90000,0x00000000ef529960,0x00000000ef530000)
  to   space 10880K, 0% used [0x00000000f3510000,0x00000000f3510000,0x00000000f3fb0000)
 ParOldGen       total 174336K, used 757K [0x00000000c0000000, 0x00000000caa40000, 0x00000000eaab0000)
  object space 174336K, 0% used [0x00000000c0000000,0x00000000c00bd728,0x00000000caa40000)
 PSPermGen       total 21248K, used 6115K [0x00000000bae00000, 0x00000000bc2c0000, 0x00000000c0000000)
  object space 21248K, 28% used [0x00000000bae00000,0x00000000bb3f8d50,0x00000000bc2c0000)
}
Event: 2.578 GC heap before
{Heap before GC invocations=2 (full 0):
 PSYoungGen      total 76288K, used 76262K [0x00000000eaab0000, 0x00000000f3fb0000, 0x0000000100000000)
  eden space 65408K, 100% used [0x00000000eaab0000,0x00000000eea90000,0x00000000eea90000)
  from space 10880K, 99% used [0x00000000eea90000,0x00000000ef529960,0x00000000ef530000)
  to   space 10880K, 0% used [0x00000000f3510000,0x00000000f3510000,0x00000000f3fb0000)
 ParOldGen       total 174336K, used 757K [0x00000000c0000000, 0x00000000caa40000, 0x00000000eaab0000)
  object space 174336K, 0% used [0x00000000c0000000,0x00000000c00bd728,0x00000000caa40000)
 PSPermGen       total 21248K, used 6173K [0x00000000bae00000, 0x00000000bc2c0000, 0x00000000c0000000)
  object space 21248K, 29% used [0x00000000bae00000,0x00000000bb4076a0,0x00000000bc2c0000)
Event: 2.609 GC heap after
Heap after GC invocations=2 (full 0):
 PSYoungGen      total 141696K, used 10851K [0x00000000eaab0000, 0x00000000f3fb0000, 0x0000000100000000)
  eden space 130816K, 0% used [0x00000000eaab0000,0x00000000eaab0000,0x00000000f2a70000)
  from space 10880K, 99% used [0x00000000f3510000,0x00000000f3fa8f18,0x00000000f3fb0000)
  to   space 10880K, 0% used [0x00000000f2a70000,0x00000000f2a70000,0x00000000f3510000)
 ParOldGen       total 174336K, used 8716K [0x00000000c0000000, 0x00000000caa40000, 0x00000000eaab0000)
  object space 174336K, 4% used [0x00000000c0000000,0x00000000c08830e8,0x00000000caa40000)
 PSPermGen       total 21248K, used 6173K [0x00000000bae00000, 0x00000000bc2c0000, 0x00000000c0000000)
  object space 21248K, 29% used [0x00000000bae00000,0x00000000bb4076a0,0x00000000bc2c0000)
}

